100000	50	-1	0.00085100001888349652	0.4	0.00215500011108815670
100000	50	-1	0.00093199999537318945	0.5	0.00205900007858872414
100000	50	-1	0.00082100002327933908	0.4	0.00192099995911121368
100000	50	-1	0.00079399999231100082	0.4	0.00212699989788234234
100000	50	1	0.00388700002804398537	0.7	0.00580599997192621231
100000	50	1	0.00284500000998377800	0.6	0.00485200015828013420
100000	50	1	0.00255699991248548031	0.7	0.00377999991178512573
100000	50	1	0.00235099997371435165	0.7	0.00347799994051456451
100000	50	2	0.00566500006243586540	0.6	0.00992599967867136002
100000	50	2	0.00447099981829524040	0.6	0.00700300000607967377
100000	50	2	0.00373300001956522465	0.6	0.00597500009462237358
100000	50	2	0.00380200007930397987	0.6	0.00601699994876980782
100000	50	4	0.00907899998128414154	0.7	0.01271300017833709717
100000	50	4	0.00772499991580843925	0.7	0.01068400032818317413
100000	50	4	0.00636800006031990051	0.7	0.00977300014346837997
100000	50	4	0.00902699958533048630	0.8	0.01157999970018863678
100000	50	5	0.00459699984639883041	0.7	0.00687299994751811028
100000	50	5	0.00910800043493509293	0.8	0.01152299996465444565
100000	50	5	0.00282400008291006088	0.6	0.00491299992427229881
100000	50	5	0.00354499998502433300	0.6	0.00561300013214349747
100000	50	6	0.00508899986743927002	0.7	0.00780999986454844475
100000	50	6	0.00612400006502866745	0.7	0.00827999971807003021
100000	50	6	0.00371999992057681084	0.7	0.00566799985244870186
100000	50	6	0.00809600017964839935	0.8	0.01040000002831220627
100000	50	7	0.00399200012907385826	0.5	0.00767900003120303154
100000	50	7	0.00480700004845857620	0.7	0.00690399995073676109
100000	50	7	0.00657099997624754906	0.8	0.00867800042033195496
100000	50	7	0.00518500013276934624	0.7	0.00704000005498528481
100000	50	8	0.00840499997138977051	0.8	0.01081799995154142380
100000	50	8	0.01248100027441978455	0.8	0.01581799983978271484
100000	50	8	0.00760800018906593323	0.8	0.00989999994635581970
100000	50	8	0.00429899990558624268	0.7	0.00632600020617246628
100000	50	10	0.00595800019800662994	0.7	0.00906100030988454819
100000	50	10	0.00478000007569789886	0.6	0.00843700021505355835
100000	50	10	0.00655099982395768166	0.7	0.00944500043988227844
100000	50	10	0.00832500029355287552	0.7	0.01116199977695941925
100000	50	12	0.00972199998795986176	0.8	0.01207599975168704987
100000	50	12	0.00892399996519088745	0.7	0.01200000010430812836
100000	50	12	0.00866699963808059692	0.7	0.01203900016844272614
100000	50	12	0.00738999992609024048	0.7	0.01079900003969669342
100000	50	14	0.00494399992749094963	0.7	0.00742499995976686478
100000	50	14	0.00544899981468915939	0.7	0.00782900024205446243
100000	50	14	0.00490400008857250214	0.6	0.00761599978432059288
100000	50	14	0.00534699996933341026	0.7	0.00808500032871961594
10000	50	-1	0.00009000000136438757	0.5	0.00018400000408291817
10000	50	-1	0.00008900000102585182	0.5	0.00017899999511428177
10000	50	-1	0.00008800000068731606	0.5	0.00017699999443721026
10000	50	-1	0.00008700000034878030	0.5	0.00017600000137463212
10000	50	1	0.00043700000969693065	0.7	0.00058300001546740532
10000	50	1	0.00033999999868683517	0.7	0.00051400001393631101
10000	50	1	0.00029299999005161226	0.7	0.00041400000918656588
10000	50	1	0.00028099998598918319	0.7	0.00039800000376999378
10000	50	2	0.00057600002037361264	0.7	0.00081300002057105303
10000	50	2	0.00050600001122802496	0.7	0.00077799998689442873
10000	50	2	0.00048700001207180321	0.7	0.00068900000769644976
10000	50	2	0.00047400000039488077	0.7	0.00067500001750886440
10000	50	4	0.00060400000074878335	0.7	0.00087400001939386129
10000	50	4	0.00064099999144673347	0.8	0.00085100001888349652
10000	50	4	0.00052800000412389636	0.7	0.00073400000110268593
10000	50	4	0.00053899997146800160	0.7	0.00072100001852959394
10000	50	5	0.00050600001122802496	0.7	0.00070500001311302185
10000	50	5	0.00080199999501928687	0.8	0.00101899995934218168
10000	50	5	0.00050299998838454485	0.7	0.00070099998265504837
10000	50	5	0.00050500000361353159	0.7	0.00070299999788403511
10000	50	6	0.00067799998214468360	0.8	0.00089700001990422606
10000	50	6	0.00060999998822808266	0.8	0.00079800002276897430
10000	50	6	0.00083299999823793769	0.8	0.00103799998760223389
10000	50	6	0.00042200001189485192	0.7	0.00061699998332187533
10000	50	7	0.00041400000918656588	0.6	0.00064300000667572021
10000	50	7	0.00043099999311380088	0.7	0.00065900001209229231
10000	50	7	0.00075700000161305070	0.7	0.00101799995172768831
10000	50	7	0.00067699997453019023	0.7	0.00100199994631111622
10000	50	8	0.00063800002681091428	0.7	0.00089399999706074595
10000	50	8	0.00101300003007054329	0.8	0.00125600001774728298
10000	50	8	0.00097900000400841236	0.8	0.00121200003195554018
10000	50	8	0.00064400001429021358	0.7	0.00091699999757111073
10000	50	10	0.00049700000090524554	0.6	0.00080300000263378024
10000	50	10	0.00050999998347833753	0.7	0.00075700000161305070
10000	50	10	0.00044999999227002263	0.7	0.00069100002292543650
10000	50	10	0.00054799998179078102	0.7	0.00079800002276897430
10000	50	12	0.00074599997606128454	0.8	0.00098200002685189247
10000	50	12	0.00098699994850903749	0.8	0.00124999997206032276
10000	50	12	0.00093099998775869608	0.8	0.00117900001350790262
10000	50	12	0.00083099998300895095	0.8	0.00108600000385195017
10000	50	14	0.00059599999804049730	0.7	0.00086099997861310840
10000	50	14	0.00057999999262392521	0.7	0.00084400002378970385
10000	50	14	0.00052300002425909042	0.6	0.00082199997268617153
10000	50	14	0.00055400002747774124	0.6	0.00086600001668557525
1000000	50	-1	0.00897699967026710510	0.4	0.02543400041759014130
1000000	50	-1	0.01035999972373247147	0.3	0.02962799929082393646
1000000	50	-1	0.00961199961602687836	0.4	0.02689399942755699158
1000000	50	-1	0.00854699965566396713	0.4	0.02286300063133239746
1000000	50	1	0.02415099926292896271	0.6	0.03908399865031242371
1000000	50	1	0.02438900060951709747	0.6	0.04053900018334388733
1000000	50	1	0.02410699985921382904	0.6	0.03880900144577026367
1000000	50	1	0.02533799968659877777	0.6	0.04109900072216987610
1000000	50	2	0.02692399919033050537	0.5	0.05036500096321105957
1000000	50	2	0.02992900088429450989	0.5	0.05616800114512443542
1000000	50	2	0.03003899939358234406	0.5	0.05532699823379516602
1000000	50	2	0.03008400090038776398	0.6	0.05335099995136260986
1000000	50	4	0.06546100229024887085	0.6	0.10192900151014328003
1000000	50	4	0.06369499862194061279	0.6	0.10030499845743179321
1000000	50	4	0.10087499767541885376	0.7	0.13779200613498687744
1000000	50	4	0.08894100040197372437	0.7	0.12390699982643127441
1000000	50	5	0.09121599793434143066	0.7	0.12463399767875671387
1000000	50	5	0.05899199843406677246	0.6	0.09299000352621078491
1000000	50	5	0.03485399857163429260	0.5	0.06786400079727172852
1000000	50	5	0.03249000012874603271	0.5	0.06411299854516983032
1000000	50	6	0.03716899827122688293	0.6	0.06678900122642517090
1000000	50	6	0.05787400156259536743	0.7	0.08894599974155426025
1000000	50	6	0.11901400238275527954	0.8	0.14753599464893341064
1000000	50	6	0.08252199739217758179	0.7	0.11247900128364562988
1000000	50	7	0.09708400070667266846	0.8	0.12752699851989746094
1000000	50	7	0.06678199768066406250	0.7	0.09632799774408340454
1000000	50	7	0.04137400165200233459	0.6	0.06745799630880355835
1000000	50	7	0.05280100181698799133	0.6	0.08211000263690948486
1000000	50	8	0.04702999815344810486	0.6	0.08198200166225433350
1000000	50	8	0.04847000166773796082	0.6	0.07745099812746047974
1000000	50	8	0.04133800044655799866	0.6	0.07272300124168395996
1000000	50	8	0.06916999816894531250	0.7	0.09944599866867065430
1000000	50	10	0.06712900102138519287	0.6	0.10341099649667739868
1000000	50	10	0.08113700151443481445	0.7	0.12035600095987319946
1000000	50	10	0.07599499821662902832	0.7	0.11302199959754943848
1000000	50	10	0.07367199659347534180	0.7	0.11215600371360778809
1000000	50	12	0.04102300107479095459	0.6	0.07294700294733047485
1000000	50	12	0.04892000183463096619	0.6	0.07923799753189086914
1000000	50	12	0.05681899935007095337	0.7	0.08651600033044815063
1000000	50	12	0.04653200134634971619	0.6	0.08087000250816345215
1000000	50	14	0.07858300209045410156	0.7	0.11004400253295898438
1000000	50	14	0.07852499932050704956	0.7	0.10769899934530258179
1000000	50	14	0.08736599981784820557	0.7	0.11894799768924713135
1000000	50	14	0.09139499813318252563	0.7	0.12256599962711334229
100000	100	-1	0.00077500002225860953	0.4	0.00190399994608014822
100000	100	-1	0.00105199997778981924	0.5	0.00228999997489154339
100000	100	-1	0.00092600000789389014	0.5	0.00194300001021474600
100000	100	-1	0.00076800002716481686	0.4	0.00172900001052767038
100000	100	1	0.00306100002489984035	0.6	0.00482799997553229332
100000	100	1	0.00243299989961087704	0.6	0.00385300000198185444
100000	100	1	0.00212799990549683571	0.7	0.00313599989749491215
100000	100	1	0.00211100000888109207	0.7	0.00307100010104477406
100000	100	2	0.00341299991123378277	0.7	0.00505500007420778275
100000	100	2	0.00314199994318187237	0.6	0.00510799977928400040
100000	100	2	0.00397399999201297760	0.6	0.00649099983274936676
100000	100	2	0.00281099998392164707	0.7	0.00418800022453069687
100000	100	4	0.00378999998793005943	0.6	0.00589400017634034157
100000	100	4	0.00381799996830523014	0.5	0.00784900039434432983
100000	100	4	0.00524900015443563461	0.5	0.00977800041437149048
100000	100	4	0.01113300025463104248	0.8	0.01411900017410516739
100000	100	5	0.00354599999263882637	0.6	0.00549500016495585442
100000	100	5	0.00347999995574355125	0.7	0.00535199977457523346
100000	100	5	0.00315900007262825966	0.5	0.00602200021967291832
100000	100	5	0.00421399995684623718	0.6	0.00715500023216009140
100000	100	6	0.00338299991562962532	0.7	0.00519500020891427994
100000	100	6	0.00392600009217858315	0.6	0.00641599996015429497
100000	100	6	0.00360900000669062138	0.6	0.00566300004720687866
100000	100	6	0.00325999991036951542	0.7	0.00497499993070960045
100000	100	7	0.00415300019085407257	0.7	0.00614900002256035805
100000	100	7	0.00497800018638372421	0.7	0.00676500005647540092
100000	100	7	0.00439399993047118187	0.7	0.00624000001698732376
100000	100	7	0.00400599977001547813	0.7	0.00609599985182285309
100000	100	8	0.00390499993227422237	0.7	0.00591999990865588188
100000	100	8	0.00339800002984702587	0.6	0.00535599980503320694
100000	100	8	0.00431300001218914986	0.7	0.00638299994170665741
100000	100	8	0.00408500013872981071	0.6	0.00636200001463294029
100000	100	10	0.00304599991068243980	0.5	0.00623300019651651382
100000	100	10	0.00387799995951354504	0.6	0.00624699983745813370
100000	100	10	0.00424200017005205154	0.6	0.00672800000756978989
100000	100	10	0.00429699989035725594	0.7	0.00642499979585409164
100000	100	12	0.00412600021809339523	0.6	0.00635999999940395355
100000	100	12	0.00446199998259544373	0.7	0.00658700009807944298
100000	100	12	0.00379900005646049976	0.6	0.00622900016605854034
100000	100	12	0.00395399983972311020	0.6	0.00658300006762146950
100000	100	14	0.00406499998643994331	0.7	0.00624200003221631050
100000	100	14	0.00415700022131204605	0.7	0.00629799999296665192
100000	100	14	0.00271599995903670788	0.6	0.00475300010293722153
100000	100	14	0.00434100022539496422	0.6	0.00701399985700845718
10000	100	-1	0.00015700000221841037	0.5	0.00029900000663474202
10000	100	-1	0.00016399999731220305	0.5	0.00036000000545755029
10000	100	-1	0.00027899999986402690	0.6	0.00050399999599903822
10000	100	-1	0.00028199999360367656	0.6	0.00047100000665523112
10000	100	1	0.00031900001340545714	0.7	0.00043200000072829425
10000	100	1	0.00031599999056197703	0.8	0.00041700000292621553
10000	100	1	0.00031400000443682075	0.7	0.00044800000614486635
10000	100	1	0.00032099999953061342	0.7	0.00045099999988451600
10000	100	2	0.00039100000867620111	0.7	0.00055799999972805381
10000	100	2	0.00038499999209307134	0.7	0.00054099998669698834
10000	100	2	0.00038599999970756471	0.7	0.00054099998669698834
10000	100	2	0.00038599999970756471	0.7	0.00054099998669698834
10000	100	4	0.01322800014168024063	0.4	0.03183300048112869263
10000	100	4	0.00343800010159611702	0.9	0.00362200010567903519
10000	100	4	0.00047299999278038740	0.7	0.00063899997621774673
10000	100	4	0.00047500000800937414	0.7	0.00063700001919642091
10000	100	5	0.00039999998989515007	0.7	0.00058200000785291195
10000	100	5	0.00038899999344721437	0.7	0.00054300000192597508
10000	100	5	0.00037500000325962901	0.7	0.00052000000141561031
10000	100	5	0.00037500000325962901	0.7	0.00051899999380111694
10000	100	6	0.00042999998549930751	0.7	0.00060999998822808266
10000	100	6	0.00046800001291558146	0.7	0.00063700001919642091
10000	100	6	0.00045399999362416565	0.7	0.00063700001919642091
10000	100	6	0.00045399999362416565	0.7	0.00062200002139434218
10000	100	7	0.00042699999175965786	0.7	0.00064799998654052615
10000	100	7	0.00040099999750964344	0.6	0.00064400001429021358
10000	100	7	0.00050899997586384416	0.5	0.00104200001806020737
10000	100	7	0.00052900001173838973	0.7	0.00081300002057105303
10000	100	8	0.00050700001884251833	0.7	0.00070999999297782779
10000	100	8	0.00044699999853037298	0.6	0.00069800001801922917
10000	100	8	0.00041099998634308577	0.6	0.00067199999466538429
10000	100	8	0.00052200001664459705	0.6	0.00080799998249858618
10000	100	10	0.00059299997519701719	0.7	0.00089600001228973269
10000	100	10	0.00053100002696737647	0.7	0.00076199998147785664
10000	100	10	0.00057799997739493847	0.7	0.00080999999772757292
10000	100	10	0.00042799999937415123	0.7	0.00064899999415501952
10000	100	12	0.00049100001342594624	0.6	0.00076000002445653081
10000	100	12	0.00050899997586384416	0.7	0.00076299998909235001
10000	100	12	0.00057700002798810601	0.7	0.00083500001346692443
10000	100	12	0.00056100002257153392	0.7	0.00082999997539445758
10000	100	14	0.00049900001613423228	0.7	0.00075299997115507722
10000	100	14	0.00045799999497830868	0.7	0.00068100000498816371
10000	100	14	0.00046999999904073775	0.6	0.00073899998096749187
10000	100	14	0.00051300000632181764	0.7	0.00077400001464411616
1000000	100	-1	0.00794399995356798172	0.4	0.02124300040304660797
1000000	100	-1	0.00793999992311000824	0.4	0.02159900031983852386
1000000	100	-1	0.00774300005286931992	0.4	0.02169400081038475037
1000000	100	-1	0.00793999992311000824	0.4	0.02126999944448471069
1000000	100	1	0.02302799932658672333	0.6	0.03688700124621391296
1000000	100	1	0.02423599921166896820	0.6	0.04122399911284446716
1000000	100	1	0.02418600022792816162	0.6	0.03963899984955787659
1000000	100	1	0.02416699938476085663	0.6	0.03945700079202651978
1000000	100	2	0.02423500083386898041	0.6	0.04181899875402450562
1000000	100	2	0.02433500066399574280	0.6	0.04198899865150451660
1000000	100	2	0.02440400049090385437	0.6	0.04100599884986877441
1000000	100	2	0.02433199994266033173	0.5	0.04459299892187118530
1000000	100	4	0.04357000067830085754	0.6	0.07853499799966812134
1000000	100	4	0.04129699990153312683	0.6	0.07136800140142440796
1000000	100	4	0.03864200040698051453	0.6	0.07022199779748916626
1000000	100	4	0.04589800164103507996	0.5	0.08769600093364715576
1000000	100	5	0.04058799892663955688	0.6	0.06757300347089767456
1000000	100	5	0.03378099948167800903	0.6	0.06099100038409233093
1000000	100	5	0.03647699952125549316	0.6	0.06296200305223464966
1000000	100	5	0.03591100126504898071	0.6	0.06387999653816223145
1000000	100	6	0.03377399966120719910	0.6	0.06113100051879882812
1000000	100	6	0.04030400142073631287	0.6	0.06498999893665313721
1000000	100	6	0.03307000175118446350	0.5	0.06047900021076202393
1000000	100	6	0.04133699834346771240	0.6	0.07066400349140167236
1000000	100	7	0.04052399843931198120	0.6	0.06559400260448455811
1000000	100	7	0.04363299906253814697	0.6	0.06833299994468688965
1000000	100	7	0.03751400113105773926	0.6	0.06596399843692779541
1000000	100	7	0.03951099887490272522	0.6	0.06636399775743484497
1000000	100	8	0.04518099874258041382	0.6	0.07293699681758880615
1000000	100	8	0.04221199825406074524	0.6	0.06845799833536148071
1000000	100	8	0.06193299964070320129	0.7	0.09089200198650360107
1000000	100	8	0.05302099883556365967	0.7	0.07894200086593627930
1000000	100	10	0.05123199895024299622	0.6	0.08071800321340560913
1000000	100	10	0.07381200045347213745	0.7	0.10338400304317474365
1000000	100	10	0.05823900178074836731	0.7	0.08677799999713897705
1000000	100	10	0.05007399991154670715	0.6	0.07913299649953842163
1000000	100	12	0.04409800097346305847	0.6	0.07448299974203109741
1000000	100	12	0.05279000103473663330	0.7	0.08106400072574615479
1000000	100	12	0.05102600157260894775	0.6	0.07926599681377410889
1000000	100	12	0.04075999930500984192	0.6	0.06696400046348571777
1000000	100	14	0.04471499845385551453	0.6	0.07417199760675430298
1000000	100	14	0.03492800146341323853	0.5	0.06671500205993652344
1000000	100	14	0.05783300101757049561	0.7	0.08324500173330307007
1000000	100	14	0.07199899852275848389	0.7	0.10122299939393997192
100000	250	-1	0.00100499996915459633	0.5	0.00199300004169344902
100000	250	-1	0.00119400001130998135	0.5	0.00223900005221366882
100000	250	-1	0.00099800003226846457	0.5	0.00193000002764165401
100000	250	-1	0.00083899998571723700	0.5	0.00175000005401670933
100000	250	1	0.00310999993234872818	0.6	0.00483899982646107674
100000	250	1	0.00268799997866153717	0.7	0.00374799990095198154
100000	250	1	0.00219499995000660419	0.7	0.00318800006061792374
100000	250	1	0.00223700003698468208	0.7	0.00323199992999434471
100000	250	2	0.00475399987772107124	0.7	0.00718900002539157867
100000	250	2	0.00494999997317790985	0.6	0.00811900012195110321
100000	250	2	0.00382500002160668373	0.7	0.00569800008088350296
100000	250	2	0.00366599997505545616	0.6	0.00632600020617246628
100000	250	4	0.00632800022140145302	0.6	0.01129500009119510651
100000	250	4	0.01137000042945146561	0.6	0.02016000077128410339
100000	250	4	0.00517799984663724899	0.7	0.00791400019079446793
100000	250	4	0.00408199988305568695	0.7	0.00596500001847743988
100000	250	5	0.00368699990212917328	0.7	0.00542399985715746880
100000	250	5	0.00365100009366869926	0.7	0.00538600003346800804
100000	250	5	0.00397399999201297760	0.7	0.00578100001439452171
100000	250	5	0.00390900019556283951	0.7	0.00572799984365701675
100000	250	6	0.00316400011070072651	0.6	0.00506500015035271645
100000	250	6	0.00305699999444186687	0.6	0.00474399980157613754
100000	250	6	0.00358800007961690426	0.7	0.00544299976900219917
100000	250	6	0.00394900003448128700	0.6	0.00642400002107024193
100000	250	7	0.00349400006234645844	0.7	0.00527099985629320145
100000	250	7	0.00340700009837746620	0.7	0.00511799985542893410
100000	250	7	0.00295899994671344757	0.6	0.00476100016385316849
100000	250	7	0.00290700001642107964	0.6	0.00462700007483363152
100000	250	8	0.00377899990417063236	0.7	0.00558499991893768311
100000	250	8	0.00340500008314847946	0.6	0.00524599989876151085
100000	250	8	0.00344499992206692696	0.6	0.00536900013685226440
100000	250	8	0.00322300009429454803	0.6	0.00509899994358420372
100000	250	10	0.00360199995338916779	0.7	0.00550499977543950081
100000	250	10	0.00370600004680454731	0.7	0.00561599992215633392
100000	250	10	0.00332699995487928391	0.6	0.00513100018724799156
100000	250	10	0.00341499992646276951	0.7	0.00509200012311339378
100000	250	12	0.00358400004915893078	0.6	0.00553900003433227539
100000	250	12	0.00385500001721084118	0.7	0.00576600013300776482
100000	250	12	0.00367900007404386997	0.6	0.00571400020271539688
100000	250	12	0.00354399997740983963	0.6	0.00556899979710578918
100000	250	14	0.00424800021573901176	0.6	0.00706700002774596214
100000	250	14	0.00369799998588860035	0.6	0.00570899993181228638
100000	250	14	0.00375599996186792850	0.7	0.00575600005686283112
100000	250	14	0.00352600007317960262	0.7	0.00539600010961294174
10000	250	-1	0.00027099999715574086	0.6	0.00044900001375935972
10000	250	-1	0.00027300001238472760	0.6	0.00044800000614486635
10000	250	-1	0.00025499999173916876	0.6	0.00042999998549930751
10000	250	-1	0.00026400000206194818	0.6	0.00042299999040551484
10000	250	1	0.00028599999495781958	0.7	0.00039100000867620111
10000	250	1	0.00026800000341609120	0.7	0.00036500001442618668
10000	250	1	0.00026599998818710446	0.7	0.00036199999158270657
10000	250	1	0.00026599998818710446	0.7	0.00036100001307204366
10000	250	2	0.00060400000074878335	0.8	0.00079399999231100082
10000	250	2	0.00057700002798810601	0.7	0.00078000000212341547
10000	250	2	0.00058499997248873115	0.7	0.00078699999721720815
10000	250	2	0.00061899999855086207	0.8	0.00082399998791515827
10000	250	4	0.01377500034868717194	0.5	0.02674699947237968445
10000	250	4	0.01329900044947862625	0.5	0.02624499984085559845
10000	250	4	0.01036900002509355545	0.4	0.02495899982750415802
10000	250	4	0.00896000023931264877	0.4	0.02135200053453445435
10000	250	5	0.00055799999972805381	0.7	0.00080199999501928687
10000	250	5	0.00045299998600967228	0.7	0.00064500002190470695
10000	250	5	0.00044900001375935972	0.7	0.00063700001919642091
10000	250	5	0.00044699999853037298	0.7	0.00067099998705089092
10000	250	6	0.00060799997299909592	0.7	0.00091599998995661736
10000	250	6	0.00054600002476945519	0.7	0.00073000002885237336
10000	250	6	0.00054400000954046845	0.7	0.00077199999941512942
10000	250	6	0.00058400002308189869	0.7	0.00082100002327933908
10000	250	7	0.00049300002865493298	0.7	0.00069499999517574906
10000	250	7	0.00054400000954046845	0.7	0.00078300002496689558
10000	250	7	0.00048499999684281647	0.7	0.00067799998214468360
10000	250	7	0.00052300002425909042	0.7	0.00074899999890476465
10000	250	8	0.00063299998873844743	0.7	0.00091699999757111073
10000	250	8	0.00057199998991563916	0.7	0.00079899997217580676
10000	250	8	0.00062800000887364149	0.7	0.00090400001499801874
10000	250	8	0.00064400001429021358	0.7	0.00092399999266490340
10000	250	10	0.00063999998383224010	0.7	0.00087099999655038118
10000	250	10	0.00048799999058246613	0.7	0.00069100002292543650
10000	250	10	0.00050600001122802496	0.7	0.00075499998638406396
10000	250	10	0.00054500001715496182	0.7	0.00077799998689442873
10000	250	12	0.00054400000954046845	0.7	0.00082299998030066490
10000	250	12	0.00061300001107156277	0.7	0.00091100001009181142
10000	250	12	0.00063000002410262823	0.7	0.00092700001550838351
10000	250	12	0.00059700000565499067	0.7	0.00086400000145658851
10000	250	14	0.00051199999870732427	0.7	0.00075599999399855733
10000	250	14	0.00053899997146800160	0.7	0.00077699997927993536
10000	250	14	0.00053700001444667578	0.7	0.00077500002225860953
10000	250	14	0.00057400000514462590	0.7	0.00079499999992549419
1000000	250	-1	0.00753000006079673767	0.4	0.01892899908125400543
1000000	250	-1	0.00750700011849403381	0.4	0.01886899955570697784
1000000	250	-1	0.00764899980276823044	0.4	0.01877900026738643646
1000000	250	-1	0.00771699985489249229	0.4	0.01886999979615211487
1000000	250	1	0.02140299975872039795	0.6	0.03326800093054771423
1000000	250	1	0.02153399959206581116	0.6	0.03444200009107589722
1000000	250	1	0.02341799996793270111	0.6	0.03751699998974800110
1000000	250	1	0.02496000006794929504	0.7	0.03785900026559829712
1000000	250	2	0.02505099959671497345	0.7	0.03849099949002265930
1000000	250	2	0.02418100088834762573	0.6	0.03775800019502639771
1000000	250	2	0.02417000010609626770	0.6	0.03766600042581558228
1000000	250	2	0.02423699945211410522	0.6	0.03737299889326095581
1000000	250	4	0.03962700068950653076	0.6	0.06330599635839462280
1000000	250	4	0.03941300138831138611	0.6	0.06306800246238708496
1000000	250	4	0.03942099958658218384	0.6	0.06322500109672546387
1000000	250	4	0.03984199836850166321	0.6	0.06349799782037734985
1000000	250	5	0.03421799838542938232	0.6	0.05379400029778480530
1000000	250	5	0.03244699910283088684	0.6	0.05404999852180480957
1000000	250	5	0.03694200143218040466	0.6	0.05710700154304504395
1000000	250	5	0.03168600052595138550	0.6	0.05491799861192703247
1000000	250	6	0.03707100078463554382	0.6	0.06044499948620796204
1000000	250	6	0.03500799834728240967	0.6	0.05535199865698814392
1000000	250	6	0.04396599903702735901	0.7	0.06442999839782714844
1000000	250	6	0.03530900180339813232	0.6	0.05711600184440612793
1000000	250	7	0.03959000110626220703	0.6	0.06190799921751022339
1000000	250	7	0.03477599844336509705	0.6	0.05685500055551528931
1000000	250	7	0.03527799993753433228	0.6	0.05736799910664558411
1000000	250	7	0.03491500020027160645	0.6	0.05649299919605255127
1000000	250	8	0.03587599843740463257	0.6	0.05633300170302391052
1000000	250	8	0.03326399996876716614	0.6	0.05635700002312660217
1000000	250	8	0.03463599830865859985	0.6	0.05652600154280662537
1000000	250	8	0.03500400111079216003	0.6	0.05810699984431266785
1000000	250	10	0.03666900098323822021	0.6	0.05710500106215476990
1000000	250	10	0.03550300002098083496	0.6	0.05798999965190887451
1000000	250	10	0.03933800011873245239	0.6	0.06333599984645843506
1000000	250	10	0.04002000018954277039	0.6	0.06209100037813186646
1000000	250	12	0.03659399971365928650	0.6	0.05678400024771690369
1000000	250	12	0.03340400010347366333	0.6	0.05389099940657615662
1000000	250	12	0.03825600072741508484	0.6	0.06147300079464912415
1000000	250	12	0.03355300053954124451	0.6	0.05486800149083137512
1000000	250	14	0.03522999957203865051	0.6	0.05818400159478187561
1000000	250	14	0.03290599957108497620	0.6	0.05375099927186965942
1000000	250	14	0.03674500063061714172	0.6	0.05863299965858459473
1000000	250	14	0.03211800009012222290	0.6	0.05599100142717361450
100000	500	-1	0.00112999998964369297	0.5	0.00234199990518391132
100000	500	-1	0.00127799995243549347	0.5	0.00255899992771446705
100000	500	-1	0.00137399998493492603	0.5	0.00292399991303682327
100000	500	-1	0.00109699997119605541	0.5	0.00229800003580749035
100000	500	1	0.00351299997419118881	0.7	0.00501800002530217171
100000	500	1	0.00352600007317960262	0.6	0.00542999990284442902
100000	500	1	0.00304599991068243980	0.7	0.00424400018528103828
100000	500	1	0.00240199989639222622	0.7	0.00341499992646276951
100000	500	2	0.00324500002898275852	0.7	0.00473499996587634087
100000	500	2	0.00362999993376433849	0.7	0.00537300016731023788
100000	500	2	0.00310000008903443813	0.7	0.00448200013488531113
100000	500	2	0.00299099995754659176	0.7	0.00440899981185793877
100000	500	4	0.00877599976956844330	0.8	0.01115399971604347229
100000	500	4	0.01146600022912025452	0.8	0.01464900001883506775
100000	500	4	0.00571900000795722008	0.7	0.00865999981760978699
100000	500	4	0.00473699998110532761	0.7	0.00709300022572278976
100000	500	5	0.00390900019556283951	0.7	0.00563600007444620132
100000	500	5	0.00388700002804398537	0.7	0.00557099981233477592
100000	500	5	0.00389700010418891907	0.7	0.00557600008323788643
100000	500	5	0.00396500015631318092	0.7	0.00568800000473856926
100000	500	6	0.00516499998047947884	0.7	0.00714999996125698090
100000	500	6	0.00411699991673231125	0.7	0.00581600004807114601
100000	500	6	0.00378899998031556606	0.7	0.00542300008237361908
100000	500	6	0.00370700005441904068	0.7	0.00531599996611475945
100000	500	7	0.00472099985927343369	0.7	0.00721300020813941956
100000	500	7	0.00488300016149878502	0.7	0.00725300004705786705
100000	500	7	0.00365699990652501583	0.7	0.00526600005105137825
100000	500	7	0.00357399997301399708	0.7	0.00533800013363361359
100000	500	8	0.00405400013551115990	0.7	0.00576800014823675156
100000	500	8	0.00387999997474253178	0.6	0.00618099980056285858
100000	500	8	0.00400099996477365494	0.6	0.00642100023105740547
100000	500	8	0.00460699992254376411	0.7	0.00651300000026822090
100000	500	10	0.00356000009924173355	0.7	0.00534400017932057381
100000	500	10	0.00387799995951354504	0.7	0.00541500002145767212
100000	500	10	0.00381999998353421688	0.7	0.00555700017139315605
100000	500	10	0.00393200013786554337	0.6	0.00611600000411272049
100000	500	12	0.00336099998094141483	0.6	0.00532499980181455612
100000	500	12	0.00364900007843971252	0.7	0.00536199985072016716
100000	500	12	0.00384099991060793400	0.7	0.00566500006243586540
100000	500	12	0.00365799991413950920	0.7	0.00534699996933341026
100000	500	14	0.00376400002278387547	0.7	0.00565999979153275490
100000	500	14	0.00396399991586804390	0.7	0.00566900009289383888
100000	500	14	0.00378699996508657932	0.7	0.00553099997341632843
100000	500	14	0.00372499995864927769	0.7	0.00533099984750151634
10000	500	-1	0.00017600000137463212	0.5	0.00033300000359304249
10000	500	-1	0.00017499999376013875	0.5	0.00032699998700991273
10000	500	-1	0.00017400000069756061	0.5	0.00032500000088475645
10000	500	-1	0.00017299999308306724	0.5	0.00032399999327026308
10000	500	1	0.00029399999766610563	0.7	0.00045099999988451600
10000	500	1	0.00029399999766610563	0.7	0.00044699999853037298
10000	500	1	0.00029299999005161226	0.7	0.00044900001375935972
10000	500	1	0.00029200001154094934	0.7	0.00044400000479072332
10000	500	2	0.00055799999972805381	0.6	0.00092800002312287688
10000	500	2	0.00073600001633167267	0.7	0.00108099996577948332
10000	500	2	0.00062200002139434218	0.5	0.00126100005581974983
10000	500	2	0.00059499999042600393	0.6	0.00100299995392560959
10000	500	4	0.00075200002174824476	0.6	0.00124699994921684265
10000	500	4	0.00073199998587369919	0.4	0.00182300002779811621
10000	500	4	0.00231599994003772736	0.4	0.00603599986061453819
10000	500	4	0.00073400000110268593	0.1	0.00750199984759092331
10000	500	5	0.00060700002359226346	0.6	0.00096600002143532038
10000	500	5	0.00070500001311302185	0.7	0.00103299994952976704
10000	500	5	0.00075499998638406396	0.7	0.00105600000824779272
10000	500	5	0.00064899999415501952	0.7	0.00096299999859184027
10000	500	6	0.00062599999364465475	0.7	0.00092999998014420271
10000	500	6	0.00057600002037361264	0.7	0.00085700000636279583
10000	500	6	0.00059000001056119800	0.7	0.00090699997963383794
10000	500	6	0.00062900001648813486	0.7	0.00093199999537318945
10000	500	7	0.00046800001291558146	0.7	0.00071200000820681453
10000	500	7	0.00053499999921768904	0.7	0.00077799998689442873
10000	500	7	0.00058799999533221126	0.6	0.00091900001280009747
10000	500	7	0.00059299997519701719	0.6	0.00092500000027939677
10000	500	8	0.00059800001326948404	0.6	0.00094699999317526817
10000	500	8	0.00063999998383224010	0.6	0.00102700002025812864
10000	500	8	0.00064400001429021358	0.6	0.00106799998320639133
10000	500	8	0.00064300000667572021	0.7	0.00095000001601874828
10000	500	10	0.00101999996695667505	0.7	0.00148800003807991743
10000	500	10	0.00066399999195709825	0.6	0.00110500003211200237
10000	500	10	0.00063999998383224010	0.6	0.00100499996915459633
10000	500	10	0.00064500002190470695	0.7	0.00098500004969537258
10000	500	12	0.00077899999450892210	0.7	0.00114399997983127832
10000	500	12	0.00054899998940527439	0.6	0.00090199999976903200
10000	500	12	0.00062399997841566801	0.6	0.00101200002245604992
10000	500	12	0.00065399997401982546	0.6	0.00101799995172768831
10000	500	14	0.00062700000125914812	0.7	0.00095100002363324165
10000	500	14	0.00063000002410262823	0.6	0.00104999996256083250
10000	500	14	0.00075000000651925802	0.6	0.00119199999608099461
10000	500	14	0.00075000000651925802	0.6	0.00122600002214312553
1000000	500	-1	0.00848800037056207657	0.4	0.02061099931597709656
1000000	500	-1	0.00850399956107139587	0.4	0.02016600035130977631
1000000	500	-1	0.00855099968612194061	0.4	0.02021099999547004700
1000000	500	-1	0.00849799998104572296	0.4	0.02059799991548061371
1000000	500	1	0.02184499986469745636	0.7	0.03326800093054771423
1000000	500	1	0.02330200001597404480	0.6	0.03637399896979331970
1000000	500	1	0.02241099998354911804	0.7	0.03345900028944015503
1000000	500	1	0.02160399965941905975	0.6	0.03410499915480613708
1000000	500	2	0.03435200080275535583	0.6	0.05359999835491180420
1000000	500	2	0.03788800165057182312	0.6	0.05913500115275382996
1000000	500	2	0.03777499869465827942	0.6	0.05891500040888786316
1000000	500	2	0.03107899986207485199	0.6	0.04991300031542778015
1000000	500	4	0.03798300027847290039	0.6	0.06096399948000907898
1000000	500	4	0.03816699981689453125	0.6	0.06101299822330474854
1000000	500	4	0.03830900043249130249	0.6	0.06069200113415718079
1000000	500	4	0.03841900080442428589	0.6	0.06123999878764152527
1000000	500	5	0.03721399977803230286	0.6	0.05823199823498725891
1000000	500	5	0.03514900058507919312	0.6	0.05779299885034561157
1000000	500	5	0.03416800126433372498	0.6	0.05371600016951560974
1000000	500	5	0.03676800057291984558	0.7	0.05622199922800064087
1000000	500	6	0.03543499857187271118	0.7	0.05400599911808967590
1000000	500	6	0.03394699841737747192	0.6	0.05537100136280059814
1000000	500	6	0.03400100022554397583	0.6	0.05351899936795234680
1000000	500	6	0.03273700177669525146	0.6	0.05429700016975402832
1000000	500	7	0.03680700063705444336	0.7	0.05476099997758865356
1000000	500	7	0.03153900057077407837	0.6	0.05185699835419654846
1000000	500	7	0.03474999964237213135	0.7	0.05247800052165985107
1000000	500	7	0.03727500140666961670	0.6	0.05820100009441375732
1000000	500	8	0.03468799963593482971	0.6	0.05640399828553199768
1000000	500	8	0.03486400097608566284	0.6	0.05655999854207038879
1000000	500	8	0.03398900106549263000	0.6	0.05454299971461296082
1000000	500	8	0.03697500005364418030	0.6	0.05867100134491920471
1000000	500	10	0.03408199921250343323	0.6	0.05574199929833412170
1000000	500	10	0.03454999998211860657	0.6	0.05552399903535842896
1000000	500	10	0.03369599953293800354	0.6	0.05452600121498107910
1000000	500	10	0.03240999951958656311	0.6	0.05323100090026855469
1000000	500	12	0.03683599829673767090	0.7	0.05547599866986274719
1000000	500	12	0.03415799885988235474	0.6	0.05320399999618530273
1000000	500	12	0.03297699987888336182	0.6	0.05108400061726570129
1000000	500	12	0.03592899814248085022	0.7	0.05495300143957138062
1000000	500	14	0.03739999979734420776	0.7	0.05750599876046180725
1000000	500	14	0.03593700006604194641	0.6	0.05592999979853630066
1000000	500	14	0.03398299962282180786	0.6	0.05402300134301185608
1000000	500	14	0.03302999958395957947	0.6	0.05360599979758262634
100000	750	-1	0.00137299997732043266	0.5	0.00265899999067187309
100000	750	-1	0.00124699994921684265	0.5	0.00253599998541176319
100000	750	-1	0.00116500002332031727	0.6	0.00209100008942186832
100000	750	-1	0.00118300004396587610	0.5	0.00215699989348649979
100000	750	1	0.00328799989074468613	0.7	0.00459000002592802048
100000	750	1	0.00246999994851648808	0.7	0.00343100004829466343
100000	750	1	0.00248700007796287537	0.7	0.00344499992206692696
100000	750	1	0.00270799989812076092	0.7	0.00381099991500377655
100000	750	2	0.00420900015160441399	0.6	0.00735200010240077972
100000	750	2	0.00414900016039609909	0.7	0.00572799984365701675
100000	750	2	0.00347699993290007114	0.6	0.00551499985158443451
100000	750	2	0.00405099987983703613	0.7	0.00554500008001923561
100000	750	4	0.00909799989312887192	0.8	0.01176999974995851517
100000	750	4	0.01371700037270784378	0.5	0.03008100017905235291
100000	750	4	0.01001700013875961304	0.5	0.02145799994468688965
100000	750	4	0.01571499928832054138	0.5	0.03036399930715560913
100000	750	5	0.00483299978077411652	0.7	0.00660600000992417336
100000	750	5	0.00485699996352195740	0.7	0.00726999994367361069
100000	750	5	0.00431799981743097305	0.7	0.00645799981430172920
100000	750	5	0.00408700015395879745	0.7	0.00624699983745813370
100000	750	6	0.00404699984937906265	0.7	0.00577099993824958801
100000	750	6	0.00381699996069073677	0.7	0.00559499999508261681
100000	750	6	0.00428600003942847252	0.7	0.00615999987348914146
100000	750	6	0.00508800009265542030	0.7	0.00737300002947449684
100000	750	7	0.00382500002160668373	0.7	0.00545099982991814613
100000	750	7	0.00378099991939961910	0.7	0.00569600006565451622
100000	750	7	0.00552099989727139473	0.7	0.00758199999108910561
100000	750	7	0.00509600015357136726	0.6	0.00809799972921609879
100000	750	8	0.00404600007459521294	0.7	0.00582200009375810623
100000	750	8	0.00381599995307624340	0.7	0.00526099978014826775
100000	750	8	0.00467299995943903923	0.7	0.00700799981132149696
100000	750	8	0.00544499978423118591	0.7	0.00780199980363249779
100000	750	10	0.00417400011792778969	0.7	0.00605399999767541885
100000	750	10	0.00415500020608305931	0.7	0.00597799988463521004
100000	750	10	0.00520899984985589981	0.7	0.00788599997758865356
100000	750	10	0.00359699991531670094	0.7	0.00551000004634261131
100000	750	12	0.00397500023245811462	0.6	0.00704200007021427155
100000	750	12	0.00380400009453296661	0.6	0.00602900004014372826
100000	750	12	0.00518399989232420921	0.6	0.00802399963140487671
100000	750	12	0.00497899996116757393	0.7	0.00703400000929832458
100000	750	14	0.00420399988070130348	0.7	0.00596200022846460342
100000	750	14	0.00549100013449788094	0.6	0.00865199975669384003
100000	750	14	0.00576600013300776482	0.7	0.00816399976611137390
100000	750	14	0.00437200022861361504	0.7	0.00631600013002753258
10000	750	-1	0.00029100000392645597	0.4	0.00068300002021715045
10000	750	-1	0.00032500000088475645	0.4	0.00075700000161305070
10000	750	-1	0.00040700001409277320	0.4	0.00094300002092495561
10000	750	-1	0.00040200000512413681	0.5	0.00075900001684203744
10000	750	1	0.00029500000528059900	0.5	0.00054799998179078102
10000	750	1	0.00031699999817647040	0.5	0.00057799997739493847
10000	750	1	0.00037799999699927866	0.6	0.00066000001970678568
10000	750	1	0.00031100001069717109	0.5	0.00057899998500943184
10000	750	2	0.00062599999364465475	0.6	0.00106299994513392448
10000	750	2	0.00057400000514462590	0.6	0.00091699999757111073
10000	750	2	0.00056299997959285975	0.6	0.00094699999317526817
10000	750	2	0.00050099997315555811	0.5	0.00107999995816498995
10000	750	4	0.00070700002834200859	0.5	0.00150300003588199615
10000	750	4	0.00070500001311302185	0.5	0.00150200002826750278
10000	750	4	0.00069999997504055500	0.4	0.00158299994654953480
10000	750	4	0.00070099998265504837	0.5	0.00150000001303851604
10000	750	5	0.00061300001107156277	0.6	0.00103100005071610212
10000	750	5	0.00059399998281151056	0.6	0.00096500001382082701
10000	750	5	0.00068699999246746302	0.6	0.00117699999827891588
10000	750	5	0.00067400000989437103	0.6	0.00108299998100847006
10000	750	6	0.00063800002681091428	0.6	0.00112499995157122612
10000	750	6	0.00066499999957159162	0.6	0.00120299996342509985
10000	750	6	0.00074400001903995872	0.6	0.00131299998611211777
10000	750	6	0.00080600002547726035	0.6	0.00139400002080947161
10000	750	7	0.00082499999552965164	0.6	0.00136999995447695255
10000	750	7	0.00088900001719594002	0.6	0.00144599995110183954
10000	750	7	0.00069900002563372254	0.6	0.00124999997206032276
10000	750	7	0.00069800001801922917	0.6	0.00125400000251829624
10000	750	8	0.00058100000023841858	0.6	0.00101899995934218168
10000	750	8	0.00062000000616535544	0.6	0.00110300001688301563
10000	750	8	0.00067999999737367034	0.6	0.00118300004396587610
10000	750	8	0.00067899998975917697	0.6	0.00118300004396587610
10000	750	10	0.00062900001648813486	0.5	0.00117399997543543577
10000	750	10	0.00067300000227987766	0.6	0.00113900005817413330
10000	750	10	0.00060799997299909592	0.5	0.00113400002010166645
10000	750	10	0.00065599998924881220	0.6	0.00114800001028925180
10000	750	12	0.00090199999976903200	0.5	0.00164499995298683643
10000	750	12	0.00089800002751871943	0.6	0.00147300004027783871
10000	750	12	0.00082900002598762512	0.5	0.00150799995753914118
10000	750	12	0.00086700002430006862	0.5	0.00163900002371519804
10000	750	14	0.00072900002123787999	0.5	0.00134199997410178185
10000	750	14	0.00070400000549852848	0.6	0.00121799996122717857
10000	750	14	0.00070999999297782779	0.5	0.00137800001539289951
10000	750	14	0.00066999997943639755	0.5	0.00123299995902925730
1000000	750	-1	0.00884099956601858139	0.4	0.02131799980998039246
1000000	750	-1	0.00857399962842464447	0.4	0.02037600055336952209
1000000	750	-1	0.00861600041389465332	0.4	0.02037899941205978394
1000000	750	-1	0.00884899962693452835	0.4	0.02202799916267395020
1000000	750	1	0.02470700070261955261	0.6	0.03816900029778480530
1000000	750	1	0.02602400071918964386	0.6	0.04142900183796882629
1000000	750	1	0.02397399954497814178	0.6	0.03715499863028526306
1000000	750	1	0.02236500009894371033	0.6	0.03466400131583213806
1000000	750	2	0.02542800083756446838	0.6	0.04011299833655357361
1000000	750	2	0.02536199986934661865	0.6	0.04243199899792671204
1000000	750	2	0.02546500042080879211	0.6	0.04028199985623359680
1000000	750	2	0.02539500035345554352	0.6	0.03977800160646438599
1000000	750	4	0.04237699881196022034	0.5	0.07732900232076644897
1000000	750	4	0.05443799868226051331	0.7	0.08191099762916564941
1000000	750	4	0.04763799905776977539	0.6	0.08145499974489212036
1000000	750	4	0.04630199819803237915	0.6	0.07706099748611450195
1000000	750	5	0.03620899841189384460	0.6	0.05722200125455856323
1000000	750	5	0.03715199977159500122	0.6	0.05850400030612945557
1000000	750	5	0.03588100150227546692	0.6	0.05684499815106391907
1000000	750	5	0.03727300092577934265	0.6	0.05905500054359436035
1000000	750	6	0.03534900024533271790	0.6	0.05523100122809410095
1000000	750	6	0.03684699907898902893	0.6	0.05922000110149383545
1000000	750	6	0.03860399872064590454	0.7	0.05851700156927108765
1000000	750	6	0.03828699886798858643	0.7	0.05777699872851371765
1000000	750	7	0.03654300048947334290	0.6	0.05996400117874145508
1000000	750	7	0.03439199924468994141	0.6	0.05826000124216079712
1000000	750	7	0.03564099967479705811	0.6	0.05715499818325042725
1000000	750	7	0.03615399822592735291	0.6	0.05827699974179267883
1000000	750	8	0.03880999982357025146	0.7	0.05747700110077857971
1000000	750	8	0.03920400142669677734	0.6	0.06142700091004371643
1000000	750	8	0.03593400120735168457	0.6	0.05705500021576881409
1000000	750	8	0.03616899996995925903	0.6	0.05711200088262557983
1000000	750	10	0.03973300009965896606	0.7	0.06026000156998634338
1000000	750	10	0.03698100149631500244	0.6	0.05700200051069259644
1000000	750	10	0.03324899822473526001	0.6	0.05449400097131729126
1000000	750	10	0.03638799861073493958	0.6	0.05728799849748611450
1000000	750	12	0.03483000025153160095	0.6	0.06045600026845932007
1000000	750	12	0.03412799909710884094	0.6	0.05641600117087364197
1000000	750	12	0.03436399996280670166	0.6	0.05472400039434432983
1000000	750	12	0.03497499972581863403	0.6	0.05973400175571441650
1000000	750	14	0.03800600022077560425	0.6	0.06026199832558631897
1000000	750	14	0.03481199964880943298	0.6	0.05668300017714500427
1000000	750	14	0.03580300137400627136	0.6	0.05605199933052062988
1000000	750	14	0.03630299866199493408	0.6	0.05830100178718566895
100000	1000	-1	0.00131099997088313103	0.5	0.00263900007121264935
100000	1000	-1	0.00175599998328834772	0.6	0.00292499992065131664
100000	1000	-1	0.00125500001013278961	0.5	0.00236100004985928535
100000	1000	-1	0.00136800005566328764	0.5	0.00251600006595253944
100000	1000	1	0.00340000004507601261	0.7	0.00503800017759203911
100000	1000	1	0.00282899988815188408	0.7	0.00398499984294176102
100000	1000	1	0.00253199995495378971	0.7	0.00368599989451467991
100000	1000	1	0.00253399997018277645	0.7	0.00371100008487701416
100000	1000	2	0.00468399981036782265	0.7	0.00694900006055831909
100000	1000	2	0.00542900012806057930	0.7	0.00812700018286705017
100000	1000	2	0.00437599979341030121	0.7	0.00658999988809227943
100000	1000	2	0.00433100014925003052	0.7	0.00653500016778707504
100000	1000	4	0.01623200066387653351	0.5	0.02983899973332881927
100000	1000	4	0.01656999997794628143	0.6	0.02894099988043308258
100000	1000	4	0.00478400010615587234	0.6	0.00750599987804889679
100000	1000	4	0.00641100015491247177	0.7	0.00908400025218725204
100000	1000	5	0.00432799989357590675	0.7	0.00656200014054775238
100000	1000	5	0.00452600000426173210	0.7	0.00674099987372756004
100000	1000	5	0.00479400018230080605	0.7	0.00700999982655048370
100000	1000	5	0.00496600009500980377	0.6	0.00779600022360682487
100000	1000	6	0.00512100011110305786	0.7	0.00705800019204616547
100000	1000	6	0.00407799985259771347	0.7	0.00604399992153048515
100000	1000	6	0.00422600004822015762	0.7	0.00629500020295381546
100000	1000	6	0.00424800021573901176	0.7	0.00640399986878037453
100000	1000	7	0.00355400005355477333	0.6	0.00550400000065565109
100000	1000	7	0.00447600008919835091	0.7	0.00661499984562397003
100000	1000	7	0.00464199995622038841	0.6	0.00716200005263090134
100000	1000	7	0.00478899991139769554	0.6	0.00761299999430775642
100000	1000	8	0.00449900003150105476	0.7	0.00683500012382864952
100000	1000	8	0.00471299979835748672	0.6	0.00727500021457672119
100000	1000	8	0.00464800000190734863	0.7	0.00702199991792440414
100000	1000	8	0.00427999999374151230	0.7	0.00648899981752038002
100000	1000	10	0.00415399996563792229	0.6	0.00639500003308057785
100000	1000	10	0.00412600021809339523	0.6	0.00696999998763203621
100000	1000	10	0.00488300016149878502	0.6	0.00752499978989362717
100000	1000	10	0.00440400000661611557	0.7	0.00670700008049607277
100000	1000	12	0.00423899991437792778	0.7	0.00650600017979741096
100000	1000	12	0.00479600019752979279	0.6	0.00779099995270371437
100000	1000	12	0.00487500010058283806	0.7	0.00713500007987022400
100000	1000	12	0.00396700017154216766	0.6	0.00636600004509091377
100000	1000	14	0.00400900002568960190	0.6	0.00639599980786442757
100000	1000	14	0.00476900022476911545	0.6	0.00794699974358081818
100000	1000	14	0.00462700007483363152	0.6	0.00714799994602799416
100000	1000	14	0.00506900018081068993	0.7	0.00770699977874755859
10000	1000	-1	0.00044699999853037298	0.3	0.00132599996868520975
10000	1000	-1	0.00043200000072829425	0.3	0.00131099997088313103
10000	1000	-1	0.00043099999311380088	0.3	0.00131900003179907799
10000	1000	-1	0.00038899999344721437	0.3	0.00118000002112239599
10000	1000	1	0.00053600000683218241	0.4	0.00137800001539289951
10000	1000	1	0.00057400000514462590	0.4	0.00158799998462200165
10000	1000	1	0.00063000002410262823	0.5	0.00117699999827891588
10000	1000	1	0.00045600000885315239	0.3	0.00131399999372661114
10000	1000	2	0.00085800001397728920	0.4	0.00220700004138052464
10000	1000	2	0.00076000002445653081	0.4	0.00184699997771531343
10000	1000	2	0.00075900001684203744	0.4	0.00184399995487183332
10000	1000	2	0.00075900001684203744	0.4	0.00184599997010082006
10000	1000	4	0.02039100043475627899	0.7	0.02760099992156028748
10000	1000	4	0.00079399999231100082	0.4	0.00212100008502602577
10000	1000	4	0.00153699994552880526	0.5	0.00289899995550513268
10000	1000	4	0.00078100000973790884	0.4	0.00210899999365210533
10000	1000	5	0.00063399999635294080	0.5	0.00137199996970593929
10000	1000	5	0.00066199997672811151	0.5	0.00134199997410178185
10000	1000	5	0.00075100001413375139	0.5	0.00143199996091425419
10000	1000	5	0.00066100002732127905	0.5	0.00127799995243549347
10000	1000	6	0.00071799999568611383	0.4	0.00162100000306963921
10000	1000	6	0.00075000000651925802	0.5	0.00142900005448609591
10000	1000	6	0.00060799997299909592	0.5	0.00119900004938244820
10000	1000	6	0.00062499998603016138	0.5	0.00121699995361268520
10000	1000	7	0.00069199997233226895	0.4	0.00155799998901784420
10000	1000	7	0.00077099999180063605	0.5	0.00157500000204890966
10000	1000	7	0.00068300002021715045	0.5	0.00134800001978874207
10000	1000	7	0.00069600000279024243	0.5	0.00136100000236183405
10000	1000	8	0.00086099997861310840	0.4	0.00195399997755885124
10000	1000	8	0.00090899999486282468	0.5	0.00166499998886138201
10000	1000	8	0.00088000000687316060	0.5	0.00189199997112154961
10000	1000	8	0.00094699999317526817	0.5	0.00190699996892362833
10000	1000	10	0.00067899998975917697	0.4	0.00151900004129856825
10000	1000	10	0.00079499999992549419	0.5	0.00169299996923655272
10000	1000	10	0.00084599998081102967	0.5	0.00182699994184076786
10000	1000	10	0.00086099997861310840	0.5	0.00176799995824694633
10000	1000	12	0.00079100002767518163	0.5	0.00163700000848621130
10000	1000	12	0.00071599998045712709	0.4	0.00159200001507997513
10000	1000	12	0.00077099999180063605	0.5	0.00169499998446553946
10000	1000	12	0.00079800002276897430	0.4	0.00178199994843453169
10000	1000	14	0.00132999999914318323	0.5	0.00252699991688132286
10000	1000	14	0.00130700005684047937	0.5	0.00249499990604817867
10000	1000	14	0.00091599998995661736	0.5	0.00191099999938160181
10000	1000	14	0.00100499996915459633	0.5	0.00212000007741153240
1000000	1000	-1	0.00764899980276823044	0.4	0.01866699941456317902
1000000	1000	-1	0.00829099956899881363	0.4	0.01885499991476535797
1000000	1000	-1	0.00816399976611137390	0.4	0.01895399950444698334
1000000	1000	-1	0.00814099982380867004	0.4	0.01963499933481216431
1000000	1000	1	0.02349900081753730774	0.7	0.03593099862337112427
1000000	1000	1	0.02432700060307979584	0.7	0.03635599836707115173
1000000	1000	1	0.02461799979209899902	0.7	0.03682100027799606323
1000000	1000	1	0.02452900074422359467	0.7	0.03689099848270416260
1000000	1000	2	0.02432899922132492065	0.7	0.03725900128483772278
1000000	1000	2	0.02476999908685684204	0.7	0.03784200176596641541
1000000	1000	2	0.02906199917197227478	0.6	0.04669300094246864319
1000000	1000	2	0.02890699915587902069	0.6	0.04562199860811233521
1000000	1000	4	0.03904699906706809998	0.6	0.06262499839067459106
1000000	1000	4	0.03889200091361999512	0.6	0.06204000115394592285
1000000	1000	4	0.03934200108051300049	0.6	0.06335200369358062744
1000000	1000	4	0.03908000141382217407	0.6	0.06257399916648864746
1000000	1000	5	0.03717099875211715698	0.7	0.05611800029873847961
1000000	1000	5	0.03757600113749504089	0.7	0.05631700158119201660
1000000	1000	5	0.03679599985480308533	0.7	0.05518899857997894287
1000000	1000	5	0.03657300025224685669	0.7	0.05497099831700325012
1000000	1000	6	0.03708299994468688965	0.6	0.05864499881863594055
1000000	1000	6	0.03942500054836273193	0.7	0.05585100129246711731
1000000	1000	6	0.03814699873328208923	0.7	0.05788199976086616516
1000000	1000	6	0.03658200055360794067	0.6	0.05968600139021873474
1000000	1000	7	0.03711299970746040344	0.7	0.05629299953579902649
1000000	1000	7	0.03658000007271766663	0.7	0.05513200163841247559
1000000	1000	7	0.03689099848270416260	0.7	0.05505499988794326782
1000000	1000	7	0.03611899912357330322	0.7	0.05540600046515464783
1000000	1000	8	0.03824799880385398865	0.7	0.05818799883127212524
1000000	1000	8	0.03244400024414062500	0.6	0.05100899934768676758
1000000	1000	8	0.03656499832868576050	0.6	0.05637799948453903198
1000000	1000	8	0.03790000081062316895	0.7	0.05623300001025199890
1000000	1000	10	0.03663700073957443237	0.6	0.05652000010013580322
1000000	1000	10	0.03488700091838836670	0.6	0.05379499867558479309
1000000	1000	10	0.03487100079655647278	0.6	0.05586599931120872498
1000000	1000	10	0.03314299881458282471	0.6	0.05279700085520744324
1000000	1000	12	0.03782600164413452148	0.7	0.05789599940180778503
1000000	1000	12	0.03209000080823898315	0.6	0.04978600144386291504
1000000	1000	12	0.03178500011563301086	0.6	0.05239899829030036926
1000000	1000	12	0.04014899954199790955	0.7	0.05644800141453742981
1000000	1000	14	0.03830999881029129028	0.7	0.05749399960041046143
1000000	1000	14	0.03462300077080726624	0.6	0.05336400121450424194
1000000	1000	14	0.03600899875164031982	0.6	0.05613299831748008728
1000000	1000	14	0.03427400067448616028	0.6	0.05460299924015998840
100000	1500	-1	0.00168300000950694084	0.4	0.00388299999758601189
100000	1500	-1	0.00152000004891306162	0.5	0.00322699989192187786
100000	1500	-1	0.00143399997614324093	0.5	0.00313100009225308895
100000	1500	-1	0.00141200004145503044	0.5	0.00310499989427626133
100000	1500	1	0.00287700002081692219	0.6	0.00498500000685453415
100000	1500	1	0.00493900012224912643	0.7	0.00734200002625584602
100000	1500	1	0.00399200012907385826	0.6	0.00645599979907274246
100000	1500	1	0.00328100007027387619	0.6	0.00565900001674890518
100000	1500	2	0.00420700013637542725	0.6	0.00739900022745132446
100000	1500	2	0.00383400009013712406	0.6	0.00662899995222687721
100000	1500	2	0.00402700016275048256	0.6	0.00694300001487135887
100000	1500	2	0.00657099997624754906	0.6	0.01088200043886899948
100000	1500	4	0.01126800011843442917	0.4	0.02672499977052211761
100000	1500	4	0.01459699962288141251	0.6	0.02568400092422962189
100000	1500	4	0.01463599968701601028	0.7	0.02199600078165531158
100000	1500	4	0.01539099961519241333	0.5	0.03057000041007995605
100000	1500	5	0.00459400005638599396	0.6	0.00828300043940544128
100000	1500	5	0.00375199993140995502	0.5	0.00687999976798892021
100000	1500	5	0.00454899994656443596	0.6	0.00742200016975402832
100000	1500	5	0.00484000006690621376	0.6	0.00837500020861625671
100000	1500	6	0.00431199977174401283	0.6	0.00718499999493360519
100000	1500	6	0.00404099980369210243	0.6	0.00675000017508864403
100000	1500	6	0.00529999984428286552	0.6	0.00862600002437829971
100000	1500	6	0.00576099986210465431	0.6	0.00908999983221292496
100000	1500	7	0.00437399977818131447	0.6	0.00725900009274482727
100000	1500	7	0.00639000022783875465	0.6	0.00985100027173757553
100000	1500	7	0.00662400014698505402	0.6	0.01061999984085559845
100000	1500	7	0.00406700000166893005	0.6	0.00720399990677833557
100000	1500	8	0.00461999978870153427	0.6	0.00836599990725517273
100000	1500	8	0.00538100022822618484	0.6	0.00922899972647428513
100000	1500	8	0.00559000018984079361	0.6	0.00963499955832958221
100000	1500	8	0.00657299999147653580	0.7	0.00946099963039159775
100000	1500	10	0.00496000004932284355	0.6	0.00825800001621246338
100000	1500	10	0.00643899990245699883	0.6	0.01056999992579221725
100000	1500	10	0.00549700018018484116	0.7	0.00840900000184774399
100000	1500	10	0.00423699989914894104	0.6	0.00699000013992190361
100000	1500	12	0.00466600013896822929	0.6	0.00810000021010637283
100000	1500	12	0.00592599995434284210	0.7	0.00855400040745735168
100000	1500	12	0.00548100005835294724	0.6	0.00893300026655197144
100000	1500	12	0.00540499994531273842	0.6	0.00963800027966499329
100000	1500	14	0.00361100002191960812	0.5	0.00669999979436397552
100000	1500	14	0.00533600011840462685	0.6	0.00856100022792816162
100000	1500	14	0.00567799992859363556	0.6	0.00930299982428550720
100000	1500	14	0.00484200008213520050	0.6	0.00800099968910217285
10000	1500	-1	0.00030899999546818435	0.2	0.00149199995212256908
10000	1500	-1	0.00030799998785369098	0.2	0.00147200003266334534
10000	1500	-1	0.00030600000172853470	0.2	0.00146299996413290501
10000	1500	-1	0.00027700001373887062	0.2	0.00132399995345622301
10000	1500	1	0.00038599999970756471	0.2	0.00202300003729760647
10000	1500	1	0.00049499998567625880	0.3	0.00192700000479817390
10000	1500	1	0.00046099998871795833	0.2	0.00213099992834031582
10000	1500	1	0.00083400000585243106	0.3	0.00264100008644163609
10000	1500	2	0.00094400002853944898	0.3	0.00338799995370209217
10000	1500	2	0.00086799997370690107	0.3	0.00316999992355704308
10000	1500	2	0.00085599999874830246	0.3	0.00311799999326467514
10000	1500	2	0.00083799997810274363	0.3	0.00310200010426342487
10000	1500	4	0.00088200002210214734	0.2	0.00439199991524219513
10000	1500	4	0.00093500001821666956	0.2	0.00446399999782443047
10000	1500	4	0.00104400003328919411	0.1	0.00811699964106082916
10000	1500	4	0.00104200001806020737	0.1	0.00991600006818771362
10000	1500	5	0.00086899998132139444	0.4	0.00240199989639222622
10000	1500	5	0.00087799999164417386	0.3	0.00260500004515051842
10000	1500	5	0.00088100001448765397	0.3	0.00276200007647275925
10000	1500	5	0.00079299998469650745	0.3	0.00244299997575581074
10000	1500	6	0.00087799999164417386	0.3	0.00324099999852478504
10000	1500	6	0.00095800001872703433	0.3	0.00294800009578466415
10000	1500	6	0.00084100000094622374	0.3	0.00283599994145333767
10000	1500	6	0.00105500000063329935	0.3	0.00323499995283782482
10000	1500	7	0.00107100000604987144	0.3	0.00320399994961917400
10000	1500	7	0.00092100002802908421	0.3	0.00264200009405612946
10000	1500	7	0.00094800000078976154	0.3	0.00280899996869266033
10000	1500	7	0.00094800000078976154	0.4	0.00259699998423457146
10000	1500	8	0.00083299999823793769	0.3	0.00261300010606646538
10000	1500	8	0.00084599998081102967	0.3	0.00257600005716085434
10000	1500	8	0.00092000002041459084	0.4	0.00247099995613098145
10000	1500	8	0.00084300001617521048	0.3	0.00244800001382827759
10000	1500	10	0.00119199999608099461	0.3	0.00384499994106590748
10000	1500	10	0.00120499997865408659	0.4	0.00323799997568130493
10000	1500	10	0.00109499995596706867	0.3	0.00331400008872151375
10000	1500	10	0.00088700000196695328	0.4	0.00247700000181794167
10000	1500	12	0.00092399999266490340	0.3	0.00289399991743266582
10000	1500	12	0.00094800000078976154	0.3	0.00287299999035894871
10000	1500	12	0.00090899999486282468	0.3	0.00294500007294118404
10000	1500	12	0.00083600002108141780	0.4	0.00233000004664063454
10000	1500	14	0.00093199999537318945	0.3	0.00317299994640052319
10000	1500	14	0.00107200001366436481	0.3	0.00339099997654557228
10000	1500	14	0.00114499998744577169	0.3	0.00365599989891052246
10000	1500	14	0.00104700005613267422	0.3	0.00346800009720027447
1000000	1500	-1	0.01007900014519691467	0.4	0.02421299926936626434
1000000	1500	-1	0.00989499967545270920	0.4	0.02289599925279617310
1000000	1500	-1	0.01014200039207935333	0.4	0.02308100089430809021
1000000	1500	-1	0.01011199969798326492	0.4	0.02491799928247928619
1000000	1500	1	0.02283000014722347260	0.6	0.03542799875140190125
1000000	1500	1	0.02264299988746643066	0.6	0.03679399937391281128
1000000	1500	1	0.02372499927878379822	0.7	0.03638099879026412964
1000000	1500	1	0.02319999970495700836	0.6	0.03824599832296371460
1000000	1500	2	0.02571300044655799866	0.6	0.04034899920225143433
1000000	1500	2	0.02573700062930583954	0.6	0.04349400103092193604
1000000	1500	2	0.03026599995791912079	0.6	0.04983900114893913269
1000000	1500	2	0.03090799972414970398	0.6	0.05103699862957000732
1000000	1500	4	0.04220699891448020935	0.6	0.06637900322675704956
1000000	1500	4	0.04244799911975860596	0.6	0.06621400266885757446
1000000	1500	4	0.04187599942088127136	0.6	0.06846400350332260132
1000000	1500	4	0.04060199856758117676	0.6	0.06418000161647796631
1000000	1500	5	0.03931000083684921265	0.7	0.05989300087094306946
1000000	1500	5	0.03727199882268905640	0.6	0.05857700109481811523
1000000	1500	5	0.03736500069499015808	0.6	0.05843399837613105774
1000000	1500	5	0.03955499827861785889	0.6	0.06092900037765502930
1000000	1500	6	0.03718300163745880127	0.7	0.05718100070953369141
1000000	1500	6	0.03605800122022628784	0.6	0.05781500041484832764
1000000	1500	6	0.03709200024604797363	0.7	0.05703499913215637207
1000000	1500	6	0.03781199827790260315	0.7	0.05731099843978881836
1000000	1500	7	0.03859899938106536865	0.6	0.05993700027465820312
1000000	1500	7	0.03571800142526626587	0.6	0.05610100179910659790
1000000	1500	7	0.03716899827122688293	0.6	0.05725099891424179077
1000000	1500	7	0.03593099862337112427	0.6	0.05726499855518341064
1000000	1500	8	0.04077300056815147400	0.7	0.05921899899840354919
1000000	1500	8	0.03985499963164329529	0.7	0.06039100140333175659
1000000	1500	8	0.03627499938011169434	0.6	0.05694499984383583069
1000000	1500	8	0.03615799918770790100	0.6	0.05770999938249588013
1000000	1500	10	0.03936700150370597839	0.7	0.06018599867820739746
1000000	1500	10	0.03422800078988075256	0.6	0.05656100064516067505
1000000	1500	10	0.03674200177192687988	0.6	0.05910599976778030396
1000000	1500	10	0.03572300076484680176	0.6	0.05804299935698509216
1000000	1500	12	0.04402500018477439880	0.7	0.06725200265645980835
1000000	1500	12	0.03565999865531921387	0.6	0.05688200145959854126
1000000	1500	12	0.03870400041341781616	0.7	0.05848100036382675171
1000000	1500	12	0.03999499976634979248	0.7	0.05895899981260299683
1000000	1500	14	0.04440400004386901855	0.7	0.06266400218009948730
1000000	1500	14	0.03645600005984306335	0.7	0.05383500084280967712
1000000	1500	14	0.03466499969363212585	0.6	0.05693599954247474670
1000000	1500	14	0.03205199912190437317	0.6	0.05404299870133399963
100000	2500	-1	0.00180199998430907726	0.3	0.00551400007680058479
100000	2500	-1	0.00153400003910064697	0.3	0.00517500005662441254
100000	2500	-1	0.00161899998784065247	0.3	0.00628500012680888176
100000	2500	-1	0.00187100004404783249	0.3	0.00590099999681115150
100000	2500	1	0.00273300008848309517	0.3	0.00911599956452846527
100000	2500	1	0.00507300021126866341	0.4	0.01192799955606460571
100000	2500	1	0.00321300001814961433	0.4	0.00743100000545382500
100000	2500	1	0.00319899991154670715	0.4	0.00908700004220008850
100000	2500	2	0.00498900003731250763	0.5	0.01078699994832277298
100000	2500	2	0.00536199985072016716	0.4	0.01296999957412481308
100000	2500	2	0.00598300015553832054	0.5	0.01275900006294250488
100000	2500	2	0.00496200006455183029	0.4	0.01107500027865171432
100000	2500	4	0.01712800003588199615	0.5	0.03576000034809112549
100000	2500	4	0.01762600056827068329	0.6	0.03032499924302101135
100000	2500	4	0.01525199972093105316	0.5	0.02827999927103519440
100000	2500	4	0.01251699961721897125	0.6	0.02143100090324878693
100000	2500	5	0.00436400016769766808	0.5	0.00946199987083673477
100000	2500	5	0.00430800020694732666	0.4	0.00979099981486797333
100000	2500	5	0.00625699991360306740	0.5	0.01304200012236833572
100000	2500	5	0.00575899984687566757	0.5	0.01167100016027688980
100000	2500	6	0.00584799982607364655	0.5	0.01168200001120567322
100000	2500	6	0.00438100006431341171	0.4	0.01059199962764978409
100000	2500	6	0.00552299991250038147	0.5	0.01100699976086616516
100000	2500	6	0.00529199978336691856	0.5	0.01107199955731630325
100000	2500	7	0.00542100006714463234	0.5	0.01146499998867511749
100000	2500	7	0.00429899990558624268	0.4	0.01021999958902597427
100000	2500	7	0.00438900012522935867	0.4	0.01060799974948167801
100000	2500	7	0.00500100012868642807	0.5	0.01012200023978948593
100000	2500	8	0.00632999977096915245	0.5	0.01298299990594387054
100000	2500	8	0.00429400010034441948	0.4	0.00976699963212013245
100000	2500	8	0.00464899977669119835	0.4	0.01070600003004074097
100000	2500	8	0.00474900007247924805	0.4	0.01088900025933980942
100000	2500	10	0.00492700003087520599	0.5	0.01038900017738342285
100000	2500	10	0.00455700000748038292	0.4	0.01089600007981061935
100000	2500	10	0.00451100012287497520	0.4	0.01055900007486343384
100000	2500	10	0.00530300009995698929	0.5	0.01125499978661537170
100000	2500	12	0.00464599998667836189	0.5	0.00985500030219554901
100000	2500	12	0.00472000008448958397	0.4	0.01076400000602006912
100000	2500	12	0.00471699982881546021	0.4	0.01090400014072656631
100000	2500	12	0.00498700002208352089	0.4	0.01239299960434436798
100000	2500	14	0.00517300004139542580	0.4	0.01300800032913684845
100000	2500	14	0.00542199984192848206	0.4	0.01262100040912628174
100000	2500	14	0.00513100018724799156	0.4	0.01192099973559379578
100000	2500	14	0.00469900015741586685	0.4	0.01064599957317113876
10000	2500	-1	0.00038199999835342169	0.1	0.00426500011235475540
10000	2500	-1	0.00047900000936351717	0.1	0.00456300005316734314
10000	2500	-1	0.00046499999007210135	0.1	0.00434499979019165039
10000	2500	-1	0.00036500001442618668	0.1	0.00383100006729364395
10000	2500	1	0.00048600000445730984	0.1	0.00377799989655613899
10000	2500	1	0.00050099997315555811	0.1	0.00362000009045004845
10000	2500	1	0.00040799999260343611	0.1	0.00447899987921118736
10000	2500	1	0.00055300001986324787	0.1	0.00451500015333294868
10000	2500	2	0.00067699997453019023	0.1	0.00560399983078241348
10000	2500	2	0.00063800002681091428	0.1	0.00555100012570619583
10000	2500	2	0.00064599997131153941	0.1	0.00555999996140599251
10000	2500	2	0.00064500002190470695	0.1	0.00558099988847970963
10000	2500	4	0.00122099998407065868	0.1	0.01341900043189525604
10000	2500	4	0.00102199998218566179	0.1	0.00986499991267919540
10000	2500	4	0.00101600005291402340	0.1	0.01004400011152029037
10000	2500	4	0.00101200002245604992	0.1	0.00999699998646974564
10000	2500	5	0.00116900005377829075	0.2	0.00697100022807717323
10000	2500	5	0.00078900001244619489	0.1	0.00615100003778934479
10000	2500	5	0.00127500004600733519	0.2	0.00717800017446279526
10000	2500	5	0.00118300004396587610	0.2	0.00622300012037158012
10000	2500	6	0.00129000004380941391	0.2	0.00688999984413385391
10000	2500	6	0.00120399997103959322	0.2	0.00786099955439567566
10000	2500	6	0.00115200004074722528	0.2	0.00661800010129809380
10000	2500	6	0.00092399999266490340	0.1	0.00627799984067678452
10000	2500	7	0.00086299999384209514	0.1	0.00609700009226799011
10000	2500	7	0.00107899995055049658	0.2	0.00696700019761919975
10000	2500	7	0.00093699997523799539	0.1	0.00667899986729025841
10000	2500	7	0.00094599998556077480	0.1	0.00644000014290213585
10000	2500	8	0.00115100003313273191	0.2	0.00753000006079673767
10000	2500	8	0.00087799999164417386	0.2	0.00571099994704127312
10000	2500	8	0.00080899999011307955	0.2	0.00499700009822845459
10000	2500	8	0.00098999997135251760	0.1	0.00683900015428662300
10000	2500	10	0.00137399998493492603	0.2	0.00704499986022710800
10000	2500	10	0.00092899997252970934	0.1	0.00765600008890032768
10000	2500	10	0.00101799995172768831	0.1	0.00783099979162216187
10000	2500	10	0.00111700000707060099	0.2	0.00714999996125698090
10000	2500	12	0.00124300003517419100	0.2	0.00637299986556172371
10000	2500	12	0.00091599998995661736	0.2	0.00557200005277991295
10000	2500	12	0.00097699998877942562	0.1	0.00651599979028105736
10000	2500	12	0.00132399995345622301	0.2	0.00809099990874528885
10000	2500	14	0.00102600001264363527	0.2	0.00634900014847517014
10000	2500	14	0.00102600001264363527	0.2	0.00616999994963407516
10000	2500	14	0.00160700001288205385	0.2	0.00858999975025653839
10000	2500	14	0.00101200002245604992	0.1	0.00695599988102912903
1000000	2500	-1	0.00934099964797496796	0.4	0.02356700040400028229
1000000	2500	-1	0.00989599991589784622	0.4	0.02294100075960159302
1000000	2500	-1	0.00928399991244077682	0.4	0.02225800044834613800
1000000	2500	-1	0.00928500015288591385	0.4	0.02230699919164180756
1000000	2500	1	0.02294499985873699188	0.5	0.04223800078034400940
1000000	2500	1	0.02516099996864795685	0.6	0.04480500146746635437
1000000	2500	1	0.02889999933540821075	0.6	0.04529599845409393311
1000000	2500	1	0.02498199976980686188	0.6	0.03968799859285354614
1000000	2500	2	0.03728900104761123657	0.6	0.06066500023007392883
1000000	2500	2	0.03731499984860420227	0.6	0.06052299961447715759
1000000	2500	2	0.03718899935483932495	0.6	0.06059499830007553101
1000000	2500	2	0.03710899874567985535	0.6	0.06062699854373931885
1000000	2500	4	0.04699800163507461548	0.6	0.08256799727678298950
1000000	2500	4	0.04786299914121627808	0.6	0.07496199756860733032
1000000	2500	4	0.04316399991512298584	0.5	0.07971800118684768677
1000000	2500	4	0.05222899839282035828	0.6	0.08720500022172927856
1000000	2500	5	0.03529499843716621399	0.6	0.05766399949789047241
1000000	2500	5	0.03757800161838531494	0.6	0.05943499878048896790
1000000	2500	5	0.03983699902892112732	0.6	0.06179200112819671631
1000000	2500	5	0.04007299989461898804	0.6	0.06240300089120864868
1000000	2500	6	0.03762299939990043640	0.6	0.05922399833798408508
1000000	2500	6	0.03872000053524971008	0.6	0.05974999815225601196
1000000	2500	6	0.03876600041985511780	0.7	0.05934600159525871277
1000000	2500	6	0.03945399820804595947	0.6	0.06141399964690208435
1000000	2500	7	0.03906099870800971985	0.6	0.06258500367403030396
1000000	2500	7	0.03583899885416030884	0.6	0.05970299988985061646
1000000	2500	7	0.03742799907922744751	0.6	0.06099100038409233093
1000000	2500	7	0.03785299882292747498	0.6	0.06152600049972534180
1000000	2500	8	0.03924600034952163696	0.6	0.06045800074934959412
1000000	2500	8	0.03719599917531013489	0.6	0.06023399904370307922
1000000	2500	8	0.03680400177836418152	0.6	0.06050200015306472778
1000000	2500	8	0.03640199825167655945	0.6	0.05951200053095817566
1000000	2500	10	0.04162099957466125488	0.6	0.06515000015497207642
1000000	2500	10	0.03509899973869323730	0.6	0.05722599849104881287
1000000	2500	10	0.03873499855399131775	0.6	0.06292500346899032593
1000000	2500	10	0.03817399963736534119	0.6	0.06160899996757507324
1000000	2500	12	0.04204700142145156860	0.7	0.06273400038480758667
1000000	2500	12	0.03565699979662895203	0.6	0.05857799947261810303
1000000	2500	12	0.03727500140666961670	0.6	0.06109200045466423035
1000000	2500	12	0.03830299898982048035	0.7	0.05716399848461151123
1000000	2500	14	0.04009300097823143005	0.6	0.06335599720478057861
1000000	2500	14	0.03395999968051910400	0.6	0.05612299963831901550
1000000	2500	14	0.03423099964857101440	0.6	0.05537600070238113403
1000000	2500	14	0.03733700141310691833	0.6	0.05841200053691864014
100000	5000	-1	0.00282700010575354099	0.1	0.02254699915647506714
100000	5000	-1	0.00271599995903670788	0.1	0.01844700053334236145
100000	5000	-1	0.00397199997678399086	0.1	0.03087799996137619019
100000	5000	-1	0.00323499995283782482	0.2	0.01809599995613098145
100000	5000	1	0.00303800008259713650	0.2	0.01703500002622604370
100000	5000	1	0.00451799994334578514	0.2	0.02166300080716609955
100000	5000	1	0.00328300008550286293	0.2	0.01798000000417232513
100000	5000	1	0.00322999991476535797	0.2	0.01795599982142448425
100000	5000	2	0.00736999977380037308	0.2	0.02981900051236152649
100000	5000	2	0.00644400017336010933	0.2	0.02838099934160709381
100000	5000	2	0.00651200022548437119	0.2	0.02871599979698657990
100000	5000	2	0.00416299980133771896	0.2	0.02007099986076354980
100000	5000	4	0.01400099974125623703	0.3	0.04403400048613548279
100000	5000	4	0.00651999982073903084	0.2	0.03721600025892257690
100000	5000	4	0.00656699994578957558	0.2	0.03241400048136711121
100000	5000	4	0.00645399978384375572	0.2	0.03247699886560440063
100000	5000	5	0.00702900020405650139	0.2	0.03004099987447261810
100000	5000	5	0.00753400009125471115	0.2	0.03158000111579895020
100000	5000	5	0.00695500010624527931	0.2	0.02885599993169307709
100000	5000	5	0.00597599986940622330	0.2	0.02484400011599063873
100000	5000	6	0.00576899992302060127	0.2	0.02871800027787685394
100000	5000	6	0.00573900016024708748	0.2	0.02718699909746646881
100000	5000	6	0.00625499989837408066	0.2	0.02857000008225440979
100000	5000	6	0.00561900017783045769	0.2	0.02620399929583072662
100000	5000	7	0.00689500011503696442	0.2	0.03044000081717967987
100000	5000	7	0.00792600028216838837	0.3	0.03127599880099296570
100000	5000	7	0.00538600003346800804	0.2	0.02517299912869930267
100000	5000	7	0.00610599992796778679	0.2	0.02611999958753585815
100000	5000	8	0.00699400017037987709	0.2	0.03094100020825862885
100000	5000	8	0.00722299981862306595	0.2	0.03094800002872943878
100000	5000	8	0.00582899991422891617	0.2	0.02602599933743476868
100000	5000	8	0.00581899983808398247	0.2	0.02710399962961673737
100000	5000	10	0.00688900006935000420	0.2	0.03392399847507476807
100000	5000	10	0.00564699992537498474	0.2	0.02861399948596954346
100000	5000	10	0.00542500009760260582	0.2	0.03027700074017047882
100000	5000	10	0.00526299979537725449	0.2	0.03092999942600727081
100000	5000	12	0.00616799993440508842	0.2	0.03373299911618232727
100000	5000	12	0.00570600014179944992	0.2	0.02696000039577484131
100000	5000	12	0.00495699979364871979	0.2	0.02636899985373020172
100000	5000	12	0.00490099983289837837	0.2	0.02639300003647804260
100000	5000	14	0.00847200024873018265	0.3	0.03343899920582771301
100000	5000	14	0.00663299998268485069	0.2	0.03262300044298171997
100000	5000	14	0.00589400017634034157	0.2	0.02609499916434288025
100000	5000	14	0.00603799987584352493	0.2	0.02889299951493740082
10000	5000	-1	0.00044999999227002263	0.0	0.01651700027287006378
10000	5000	-1	0.00048200000310316682	0.0	0.01326800044625997543
10000	5000	-1	0.00043499999446794391	0.0	0.01295400038361549377
10000	5000	-1	0.00043399998685345054	0.0	0.01270699966698884964
10000	5000	1	0.00064799998654052615	0.0	0.01422899961471557617
10000	5000	1	0.00054500001715496182	0.0	0.01479800045490264893
10000	5000	1	0.00050600001122802496	0.0	0.02256399951875209808
10000	5000	1	0.00053000001935288310	0.0	0.01308600045740604401
10000	5000	2	0.00106100004632025957	0.1	0.02065899968147277832
10000	5000	2	0.00259199994616210461	0.1	0.01947600021958351135
10000	5000	2	0.00105800002347677946	0.1	0.01775499992072582245
10000	5000	2	0.00072299997555091977	0.0	0.01470299996435642242
10000	5000	4	0.00144000002183020115	0.0	0.03480999916791915894
10000	5000	4	0.01318100001662969589	0.3	0.04426300153136253357
10000	5000	4	0.01215500012040138245	0.2	0.05023600161075592041
10000	5000	4	0.01375299971550703049	0.3	0.04332999885082244873
10000	5000	5	0.00128800002858042717	0.1	0.01962600089609622955
10000	5000	5	0.00141200004145503044	0.0	0.03014199994504451752
10000	5000	5	0.00109100004192441702	0.1	0.02099099941551685333
10000	5000	5	0.00109699997119605541	0.0	0.02194000035524368286
10000	5000	6	0.00106799998320639133	0.0	0.02915599942207336426
10000	5000	6	0.00121599994599819183	0.1	0.02270199917256832123
10000	5000	6	0.00153500004671514034	0.1	0.02734900079667568207
10000	5000	6	0.00106499996036291122	0.0	0.02668000012636184692
10000	5000	7	0.00145800004247575998	0.1	0.02709499932825565338
10000	5000	7	0.00100799999199807644	0.0	0.02243999950587749481
10000	5000	7	0.00098400004208087921	0.0	0.02249399945139884949
10000	5000	7	0.00092199997743591666	0.0	0.02261500060558319092
10000	5000	8	0.00110700004734098911	0.0	0.02444799989461898804
10000	5000	8	0.00123499997425824404	0.0	0.02698699943721294403
10000	5000	8	0.00167400005739182234	0.1	0.02437599934637546539
10000	5000	8	0.00112100003752857447	0.1	0.02181299962103366852
10000	5000	10	0.00122099998407065868	0.1	0.02234799973666667938
10000	5000	10	0.00115400005597621202	0.0	0.02549999952316284180
10000	5000	10	0.00116700003854930401	0.0	0.02751700021326541901
10000	5000	10	0.00117699999827891588	0.0	0.02990500070154666901
10000	5000	12	0.00102700002025812864	0.1	0.02000500075519084930
10000	5000	12	0.00105199997778981924	0.1	0.02090300060808658600
10000	5000	12	0.00102099997457116842	0.0	0.02559999935328960419
10000	5000	12	0.00101100001484155655	0.1	0.02012000046670436859
10000	5000	14	0.00124300003517419100	0.0	0.02660599909722805023
10000	5000	14	0.00144899997394531965	0.0	0.03169399872422218323
10000	5000	14	0.00131700001657009125	0.1	0.02452200092375278473
10000	5000	14	0.00113300001248717308	0.0	0.02478300034999847412
1000000	5000	-1	0.01150400005280971527	0.3	0.03503299877047538757
1000000	5000	-1	0.01152599975466728210	0.3	0.03508500009775161743
1000000	5000	-1	0.01126199960708618164	0.3	0.03440200164914131165
1000000	5000	-1	0.01045100018382072449	0.3	0.03228100016713142395
1000000	5000	1	0.02865999937057495117	0.5	0.05226499959826469421
1000000	5000	1	0.02377600036561489105	0.5	0.04696400091052055359
1000000	5000	1	0.02421399950981140137	0.5	0.04754500091075897217
1000000	5000	1	0.02395400032401084900	0.5	0.04669699817895889282
1000000	5000	2	0.04363000020384788513	0.5	0.08202300220727920532
1000000	5000	2	0.03021899983286857605	0.5	0.05747200176119804382
1000000	5000	2	0.04009100049734115601	0.5	0.07316199690103530884
1000000	5000	2	0.02852299995720386505	0.5	0.05644899979233741760
1000000	5000	4	0.04508600011467933655	0.5	0.08958400040864944458
1000000	5000	4	0.04420899972319602966	0.5	0.08884400129318237305
1000000	5000	4	0.04496999830007553101	0.5	0.08903799951076507568
1000000	5000	4	0.04467299953103065491	0.5	0.08883699774742126465
1000000	5000	5	0.04038599878549575806	0.5	0.07719500362873077393
1000000	5000	5	0.03747399896383285522	0.5	0.07544799894094467163
1000000	5000	5	0.04073499888181686401	0.5	0.07821100205183029175
1000000	5000	5	0.03928999975323677063	0.5	0.07636199891567230225
1000000	5000	6	0.03918299823999404907	0.5	0.07565700262784957886
1000000	5000	6	0.04133300110697746277	0.5	0.07757200300693511963
1000000	5000	6	0.04113199934363365173	0.5	0.07885300368070602417
1000000	5000	6	0.04107600077986717224	0.5	0.07988099753856658936
1000000	5000	7	0.03963499888777732849	0.5	0.07730799913406372070
1000000	5000	7	0.03981899842619895935	0.5	0.07584799826145172119
1000000	5000	7	0.03881099820137023926	0.5	0.07557199895381927490
1000000	5000	7	0.04106000065803527832	0.5	0.07579399645328521729
1000000	5000	8	0.04177999868988990784	0.5	0.07876700162887573242
1000000	5000	8	0.03844600170850753784	0.5	0.07602600008249282837
1000000	5000	8	0.04374400153756141663	0.6	0.07916700094938278198
1000000	5000	8	0.04123299941420555115	0.5	0.07516500353813171387
1000000	5000	10	0.04131599888205528259	0.5	0.07930699735879898071
1000000	5000	10	0.03841900080442428589	0.5	0.07257000356912612915
1000000	5000	10	0.03942099958658218384	0.5	0.07416000217199325562
1000000	5000	10	0.04024099931120872498	0.5	0.07717099785804748535
1000000	5000	12	0.04213400185108184814	0.5	0.07730100303888320923
1000000	5000	12	0.03956000134348869324	0.5	0.07636500149965286255
1000000	5000	12	0.04031199961900711060	0.5	0.07414799928665161133
1000000	5000	12	0.04089799895882606506	0.5	0.07780300080776214600
1000000	5000	14	0.04217699915170669556	0.5	0.07697799801826477051
1000000	5000	14	0.04294800013303756714	0.5	0.08188600093126296997
1000000	5000	14	0.04142799973487854004	0.5	0.07880699634552001953
1000000	5000	14	0.04271399974822998047	0.5	0.07934299856424331665
100000	10000	-1	0.00273899990133941174	0.0	0.06920800358057022095
100000	10000	-1	0.00305699999444186687	0.0	0.07298000156879425049
100000	10000	-1	0.00267699989490211010	0.0	0.06726299971342086792
100000	10000	-1	0.00280299992300570011	0.0	0.06580399721860885620
100000	10000	1	0.00377999991178512573	0.1	0.06712900102138519287
100000	10000	1	0.00342099997214972973	0.1	0.06309600174427032471
100000	10000	1	0.00336400000378489494	0.1	0.06331899762153625488
100000	10000	1	0.00374899990856647491	0.1	0.06492300331592559814
100000	10000	2	0.00740699982270598412	0.1	0.07869599759578704834
100000	10000	2	0.00738599989563226700	0.1	0.08610600233078002930
100000	10000	2	0.00516999978572130203	0.1	0.06748799979686737061
100000	10000	2	0.00505199981853365898	0.1	0.06743899732828140259
100000	10000	4	0.01662899926304817200	0.1	0.11937300115823745728
100000	10000	4	0.02121499925851821899	0.2	0.11467699706554412842
100000	10000	4	0.00792200025171041489	0.1	0.09734900295734405518
100000	10000	4	0.00795200001448392868	0.1	0.09833700209856033325
100000	10000	5	0.00720300013199448586	0.1	0.10258500277996063232
100000	10000	5	0.00704899989068508148	0.1	0.10267200320959091187
100000	10000	5	0.00761299999430775642	0.1	0.09840100258588790894
100000	10000	5	0.00754899997264146805	0.1	0.10107100009918212891
100000	10000	6	0.00831899978220462799	0.1	0.11871500313282012939
100000	10000	6	0.00726599991321563721	0.1	0.11104899644851684570
100000	10000	6	0.00759899988770484924	0.1	0.10351700335741043091
100000	10000	6	0.00793899968266487122	0.1	0.09851600229740142822
100000	10000	7	0.00753699988126754761	0.1	0.10314299911260604858
100000	10000	7	0.00745700020343065262	0.1	0.10487300157546997070
100000	10000	7	0.00745700020343065262	0.1	0.10367999970912933350
100000	10000	7	0.00717400014400482178	0.1	0.10666999965906143188
100000	10000	8	0.00708900019526481628	0.1	0.10431499779224395752
100000	10000	8	0.00749900005757808685	0.1	0.10517799854278564453
100000	10000	8	0.00729600014165043831	0.1	0.10685600340366363525
100000	10000	8	0.00787299964576959610	0.1	0.10806900262832641602
100000	10000	10	0.00774999987334012985	0.1	0.10548800230026245117
100000	10000	10	0.00757100014016032219	0.1	0.10711999982595443726
100000	10000	10	0.00695900013670325279	0.1	0.10779400169849395752
100000	10000	10	0.00763799995183944702	0.1	0.10403600335121154785
100000	10000	12	0.00779400020837783813	0.1	0.10586600005626678467
100000	10000	12	0.00703199999406933784	0.1	0.10237099975347518921
100000	10000	12	0.00767799979075789452	0.1	0.11099600046873092651
100000	10000	12	0.00772299990057945251	0.1	0.11268699914216995239
100000	10000	14	0.00907399971038103104	0.1	0.11454100161790847778
100000	10000	14	0.00754800019785761833	0.1	0.10600899904966354370
100000	10000	14	0.00759099982678890228	0.1	0.10996600240468978882
100000	10000	14	0.00727500021457672119	0.1	0.10839500278234481812
10000	10000	-1	0.00048499999684281647	0.0	0.04119699820876121521
10000	10000	-1	0.00066399999195709825	0.0	0.04292299970984458923
10000	10000	-1	0.00063199998112395406	0.0	0.04131599888205528259
10000	10000	-1	0.00048200000310316682	0.0	0.03746800124645233154
10000	10000	1	0.00055900000734254718	0.0	0.04696999862790107727
10000	10000	1	0.00055699999211356044	0.0	0.04096899926662445068
10000	10000	1	0.00055900000734254718	0.0	0.03925799950957298279
10000	10000	1	0.00050800002645701170	0.0	0.03770500048995018005
10000	10000	2	0.00114599999506026506	0.0	0.05129899829626083374
10000	10000	2	0.00114700000267475843	0.0	0.05147799849510192871
10000	10000	2	0.00122400000691413879	0.0	0.05096000060439109802
10000	10000	2	0.00113099999725818634	0.0	0.04615300148725509644
10000	10000	4	0.01373299956321716309	0.1	0.09511400014162063599
10000	10000	4	0.01233700010925531387	0.1	0.09220899641513824463
10000	10000	4	0.00908199977129697800	0.1	0.09746599942445755005
10000	10000	4	0.01065099984407424927	0.1	0.09591700136661529541
10000	10000	5	0.00105399999301880598	0.0	0.06433500349521636963
10000	10000	5	0.00105700001586228609	0.0	0.07200299948453903198
10000	10000	5	0.00103199994191527367	0.0	0.06769300252199172974
10000	10000	5	0.00091100001009181142	0.0	0.07243499904870986938
10000	10000	6	0.00107100000604987144	0.0	0.07340600341558456421
10000	10000	6	0.00100299995392560959	0.0	0.06370999664068222046
10000	10000	6	0.00106999999843537807	0.0	0.06961300224065780640
10000	10000	6	0.00107899995055049658	0.0	0.06727500259876251221
10000	10000	7	0.00103299994952976704	0.0	0.07573600113391876221
10000	10000	7	0.00102900003548711538	0.0	0.08190099895000457764
10000	10000	7	0.00106699997559189796	0.0	0.06807699799537658691
10000	10000	7	0.00098500004969537258	0.0	0.06511499732732772827
10000	10000	8	0.00101799995172768831	0.0	0.07149899750947952271
10000	10000	8	0.00105099997017532587	0.0	0.07073400169610977173
10000	10000	8	0.00092000002041459084	0.0	0.06688199937343597412
10000	10000	8	0.00114800001028925180	0.0	0.06970699876546859741
10000	10000	10	0.00111399998422712088	0.0	0.07904700189828872681
10000	10000	10	0.00104999996256083250	0.0	0.07185599952936172485
10000	10000	10	0.00114399997983127832	0.0	0.07048100233078002930
10000	10000	10	0.00096299999859184027	0.0	0.07238999754190444946
10000	10000	12	0.00122299999929964542	0.0	0.08495499938726425171
10000	10000	12	0.00122900004498660564	0.0	0.06728299707174301147
10000	10000	12	0.00111800001468509436	0.0	0.07494299858808517456
10000	10000	12	0.00121400004718452692	0.0	0.08064399659633636475
10000	10000	14	0.00123699998948723078	0.0	0.08089599758386611938
10000	10000	14	0.00133899995125830173	0.0	0.07822699844837188721
10000	10000	14	0.00123199995141476393	0.0	0.08589000254869461060
10000	10000	14	0.00124999997206032276	0.0	0.07599099725484848022
1000000	10000	-1	0.01342300046235322952	0.2	0.08245900273323059082
1000000	10000	-1	0.01260299980640411377	0.2	0.08023499697446823120
1000000	10000	-1	0.01308399997651576996	0.2	0.07892499864101409912
1000000	10000	-1	0.01249200012534856796	0.2	0.07848499715328216553
1000000	10000	1	0.02556400001049041748	0.3	0.09364999830722808838
1000000	10000	1	0.02588099986314773560	0.3	0.09376099705696105957
1000000	10000	1	0.02576499991118907928	0.3	0.10176400095224380493
1000000	10000	1	0.02559600025415420532	0.3	0.09284999966621398926
1000000	10000	2	0.03869500011205673218	0.3	0.11382599920034408569
1000000	10000	2	0.03103299997746944427	0.3	0.10303600132465362549
1000000	10000	2	0.03034899942576885223	0.3	0.10183899849653244019
1000000	10000	2	0.03042099997401237488	0.3	0.10182499885559082031
1000000	10000	4	0.04886899888515472412	0.3	0.15355700254440307617
1000000	10000	4	0.05116900056600570679	0.3	0.15853799879550933838
1000000	10000	4	0.04875599965453147888	0.3	0.15370200574398040771
1000000	10000	4	0.05713900178670883179	0.3	0.16631899774074554443
1000000	10000	5	0.04300799965858459473	0.3	0.15117800235748291016
1000000	10000	5	0.04457899928092956543	0.3	0.14737999439239501953
1000000	10000	5	0.04482800140976905823	0.3	0.15036499500274658203
1000000	10000	5	0.04579799994826316833	0.3	0.16100999712944030762
1000000	10000	6	0.04658500105142593384	0.3	0.15142300724983215332
1000000	10000	6	0.04277599975466728210	0.3	0.14876300096511840820
1000000	10000	6	0.04427000135183334351	0.3	0.15771399438381195068
1000000	10000	6	0.04270000010728836060	0.3	0.15169300138950347900
1000000	10000	7	0.04579799994826316833	0.3	0.15636000037193298340
1000000	10000	7	0.04473600164055824280	0.3	0.15697999298572540283
1000000	10000	7	0.04642700031399726868	0.3	0.15047399699687957764
1000000	10000	7	0.04626300185918807983	0.3	0.15172599256038665771
1000000	10000	8	0.03780800104141235352	0.3	0.14475600421428680420
1000000	10000	8	0.04380099847912788391	0.3	0.15751500427722930908
1000000	10000	8	0.04329600185155868530	0.3	0.14802800118923187256
1000000	10000	8	0.04593800008296966553	0.3	0.15401199460029602051
1000000	10000	10	0.04872800037264823914	0.3	0.15739500522613525391
1000000	10000	10	0.04518099874258041382	0.3	0.15501800179481506348
1000000	10000	10	0.04498299956321716309	0.3	0.15843600034713745117
1000000	10000	10	0.04533300176262855530	0.3	0.15510900318622589111
1000000	10000	12	0.04548399895429611206	0.3	0.15388299524784088135
1000000	10000	12	0.04282300174236297607	0.3	0.15011599659919738770
1000000	10000	12	0.04687200114130973816	0.3	0.15969599783420562744
1000000	10000	12	0.04772699996829032898	0.3	0.15462100505828857422
1000000	10000	14	0.04705699905753135681	0.3	0.15855400264263153076
1000000	10000	14	0.04243899881839752197	0.3	0.14919899404048919678
1000000	10000	14	0.04802099987864494324	0.3	0.15798799693584442139
1000000	10000	14	0.04399099946022033691	0.3	0.15570999681949615479
